2026-03-02 16:06:26,148 [INFO] --- 6:00 PM PST CLOSING RUN ---
2026-03-02 16:06:26,148 [INFO] Rating ORLY...
2026-03-02 16:06:26,859 [INFO] Rating TSM...
2026-03-02 16:06:27,190 [INFO] Rating BURL...
2026-03-02 16:06:27,503 [INFO] Rating TDG...
2026-03-02 16:06:27,854 [INFO] Rating TPL...
2026-03-02 16:06:28,192 [INFO] Rating SHW...
2026-03-02 16:06:28,518 [INFO] Rating FTNT...
2026-03-02 16:06:28,787 [INFO] Rating EUAD...
2026-03-02 16:06:29,061 [INFO] Rating VMC...
2026-03-02 16:06:29,358 [INFO] Rating FAST...
2026-03-02 16:06:29,672 [INFO] Rating NOW...
2026-03-02 16:06:30,060 [INFO] Rating DDOG...
2026-03-02 16:06:30,391 [INFO] Rating VRSK...
2026-03-02 16:06:31,228 [INFO] Rating TRGP...
2026-03-02 16:06:31,556 [INFO] Rating HEI...
2026-03-02 16:06:31,909 [INFO] Rating ECL...
2026-03-02 16:06:32,274 [INFO] Rating ALNY...
2026-03-02 16:06:32,563 [INFO] Rating GDDY...
2026-03-02 16:06:32,844 [INFO] Rating YUM...
2026-03-02 16:06:33,194 [INFO] Rating V...
2026-03-02 16:06:33,476 [INFO] Rating AXON...
2026-03-02 16:06:33,791 [INFO] Rating INSM...
2026-03-02 16:06:34,119 [INFO] Rating CVNA...
2026-03-02 16:06:34,531 [INFO] Rating CCJ...
2026-03-02 16:06:34,894 [INFO] Rating WELL...
2026-03-02 16:06:35,278 [INFO] Rating XBI...
2026-03-02 16:06:35,674 [INFO] Rating TTWO...
2026-03-02 16:06:35,956 [INFO] Rating CRM...
2026-03-02 16:06:36,378 [INFO] Rating AVGO...
2026-03-02 16:06:36,685 [INFO] Rating LVS...
2026-03-02 16:06:37,031 [INFO] Rating MNST...
2026-03-02 16:06:37,321 [INFO] Rating KLAC...
2026-03-02 16:06:37,628 [INFO] Rating FIX...
2026-03-02 16:06:37,957 [INFO] Rating MCD...
2026-03-02 16:06:38,329 [INFO] Rating TMUS...
2026-03-02 16:06:38,667 [INFO] Rating FSLR...
2026-03-02 16:06:38,986 [INFO] Rating HALO...
2026-03-02 16:06:39,254 [INFO] Rating GOOG...
2026-03-02 16:06:39,571 [INFO] Rating LHX...
2026-03-02 16:06:39,958 [INFO] Rating MDB...
2026-03-02 16:06:40,337 [INFO] Rating TSLA...
2026-03-02 16:06:40,671 [INFO] Rating BKNG...
2026-03-02 16:06:40,986 [INFO] Rating LLY...
2026-03-02 16:06:41,411 [INFO] Rating LRCX...
2026-03-02 16:06:42,148 [INFO] Rating XYZ...
2026-03-02 16:06:42,589 [INFO] Rating RDDT...
2026-03-02 16:06:43,026 [INFO] Rating ZTS...
2026-03-02 16:06:43,335 [INFO] Rating CRWD...
2026-03-02 16:06:43,805 [INFO] Rating ORCL...
2026-03-02 16:06:44,202 [INFO] Rating ETN...
2026-03-02 16:06:44,540 [INFO] Rating MPWR...
2026-03-02 16:06:44,831 [INFO] Rating ABNB...
2026-03-02 16:06:45,128 [INFO] Rating ALAB...
2026-03-02 16:06:45,436 [INFO] Rating ZS...
2026-03-02 16:06:45,725 [INFO] Rating VG...
2026-03-02 16:06:46,061 [INFO] Rating ODFL...
2026-03-02 16:06:46,417 [INFO] Rating AMT...
2026-03-02 16:06:46,764 [INFO] Rating COST...
2026-03-02 16:06:47,083 [INFO] Rating SNOW...
2026-03-02 16:06:47,369 [INFO] Rating CSGP...
2026-03-02 16:06:47,629 [INFO] Rating MSTR...
2026-03-02 16:06:47,933 [INFO] Rating SYM...
2026-03-02 16:06:48,218 [INFO] Rating HII...
2026-03-02 16:06:48,509 [INFO] Rating CTAS...
2026-03-02 16:06:48,872 [INFO] Rating NFLX...
2026-03-02 16:06:49,151 [INFO] Rating CMG...
2026-03-02 16:06:49,433 [INFO] Rating NET...
2026-03-02 16:06:49,721 [INFO] Rating EQT...
2026-03-02 16:06:50,075 [INFO] Rating AMD...
2026-03-02 16:06:50,407 [INFO] Rating BSX...
2026-03-02 16:06:50,674 [INFO] Rating DXCM...
2026-03-02 16:06:51,027 [INFO] Rating PLTR...
2026-03-02 16:06:51,367 [INFO] Rating TJX...
2026-03-02 16:06:52,546 [INFO] Rating HWM...
2026-03-02 16:06:53,803 [INFO] Rating CTRA...
2026-03-02 16:06:54,212 [INFO] Rating GE...
2026-03-02 16:06:54,639 [INFO] Rating HUBS...
2026-03-02 16:06:54,920 [INFO] Rating BX...
2026-03-02 16:06:55,258 [INFO] Rating SBAC...
2026-03-02 16:06:55,535 [INFO] Rating IBKR...
2026-03-02 16:06:55,872 [INFO] Rating ADBE...
2026-03-02 16:06:56,175 [INFO] Rating HOOD...
2026-03-02 16:06:56,475 [INFO] Rating EFX...
2026-03-02 16:06:56,880 [INFO] Rating NLR...
2026-03-02 16:06:57,230 [INFO] Rating BA...
2026-03-02 16:06:57,610 [INFO] Rating STX...
2026-03-02 16:06:58,001 [INFO] Rating PWR...
2026-03-02 16:06:58,314 [INFO] Rating TEAM...
2026-03-02 16:06:58,617 [INFO] Rating ARES...
2026-03-02 16:06:58,946 [INFO] Rating APP...
2026-03-02 16:06:59,265 [INFO] Rating CPRT...
2026-03-02 16:06:59,538 [INFO] Rating LYV...
2026-03-02 16:06:59,844 [INFO] Rating BR...
2026-03-02 16:07:00,132 [INFO] Rating TYL...
2026-03-02 16:07:00,463 [INFO] Rating ANET...
2026-03-02 16:07:00,751 [INFO] Rating DASH...
2026-03-02 16:07:01,055 [INFO] Rating PINS...
2026-03-02 16:07:01,356 [INFO] Rating NVT...
2026-03-02 16:07:01,653 [INFO] Rating ROL...
2026-03-02 16:07:01,988 [INFO] Rating COIN...
2026-03-02 16:07:02,333 [INFO] Rating AMZN...
2026-03-02 16:07:02,822 [INFO] Rating FICO...
2026-03-02 16:07:03,145 [INFO] Rating AZO...
2026-03-02 16:07:03,420 [INFO] Rating LULU...
2026-03-02 16:07:03,686 [INFO] Rating WAT...
2026-03-02 16:07:03,994 [INFO] Rating EQIX...
2026-03-02 16:07:04,304 [INFO] Rating ADSK...
2026-03-02 16:07:04,627 [INFO] Rating RTX...
2026-03-02 16:07:04,996 [INFO] Rating APH...
2026-03-02 16:07:05,391 [INFO] Rating VEEV...
2026-03-02 16:07:05,701 [INFO] Rating MSFT...
2026-03-02 16:07:06,008 [INFO] Rating HUBB...
2026-03-02 16:07:06,388 [INFO] Rating IDXX...
2026-03-02 16:07:06,682 [INFO] Rating FLUT...
2026-03-02 16:07:06,988 [INFO] Rating UFO...
2026-03-02 16:07:07,307 [INFO] Rating BRO...
2026-03-02 16:07:07,622 [INFO] Rating VRT...
2026-03-02 16:07:07,933 [INFO] Rating SMCI...
2026-03-02 16:07:08,234 [INFO] Rating MLM...
2026-03-02 16:07:08,570 [INFO] Rating ISRG...
2026-03-02 16:07:08,874 [INFO] Rating RCL...
2026-03-02 16:07:09,207 [INFO] Rating META...
2026-03-02 16:07:09,520 [INFO] Rating GWW...
2026-03-02 16:07:09,880 [INFO] Rating VRTX...
2026-03-02 16:07:10,161 [INFO] Rating SNPS...
2026-03-02 16:07:10,423 [INFO] Rating MTD...
2026-03-02 16:07:10,699 [INFO] Rating NOC...
2026-03-02 16:07:11,014 [INFO] Rating MSCI...
2026-03-02 16:07:11,335 [INFO] Rating PAYX...
2026-03-02 16:07:11,876 [INFO] Rating APO...
2026-03-02 16:07:12,246 [INFO] Rating AMAT...
2026-03-02 16:07:12,597 [INFO] Rating MAR...
2026-03-02 16:07:12,898 [INFO] Rating GRID...
2026-03-02 16:07:13,213 [INFO] Rating ADP...
2026-03-02 16:07:13,619 [INFO] Rating UBER...
2026-03-02 16:07:13,880 [INFO] Rating SYK...
2026-03-02 16:07:14,211 [INFO] Rating MCO...
2026-03-02 16:07:14,518 [INFO] Rating EXPE...
2026-03-02 16:07:14,878 [INFO] Rating GOOGL...
2026-03-02 16:07:15,184 [INFO] Rating TXN...
2026-03-02 16:07:15,531 [INFO] Rating MU...
2026-03-02 16:07:15,885 [INFO] Rating LMT...
2026-03-02 16:07:16,254 [INFO] Rating PODD...
2026-03-02 16:07:16,592 [INFO] Rating ASML...
2026-03-02 16:07:16,914 [INFO] Rating MA...
2026-03-02 16:07:17,214 [INFO] Rating CEG...
2026-03-02 16:07:17,533 [INFO] Rating WST...
2026-03-02 16:07:17,846 [INFO] Rating GEV...
2026-03-02 16:07:18,127 [INFO] Rating AAPL...
2026-03-02 16:07:18,676 [INFO] Rating SPGI...
2026-03-02 16:07:19,033 [INFO] Rating NVDA...
2026-03-02 16:07:19,350 [INFO] Rating MRVL...
2026-03-02 16:07:19,667 [INFO] Rating SHLD...
2026-03-02 16:07:20,000 [INFO] Rating RMD...
2026-03-02 16:07:20,462 [INFO] Rating PANW...
2026-03-02 16:07:20,734 [INFO] Rating VRSN...
2026-03-02 16:07:21,062 [INFO] Rating MSI...
2026-03-02 16:07:21,535 [INFO] Rating RBLX...
2026-03-02 16:07:21,837 [INFO] Rating WDC...
2026-03-02 16:07:22,193 [INFO] Rating OWL...
2026-03-02 16:07:22,498 [INFO] Rating INTU...
2026-03-02 16:07:22,786 [INFO] Rating CDNS...
2026-03-02 16:07:23,090 [INFO] Rating LPLA...
2026-03-02 16:07:23,383 [INFO] Rating SBUX...
2026-03-02 16:07:23,687 [INFO] Rating WDAY...
2026-03-02 16:07:23,970 [INFO] Rating TW...
2026-03-02 16:07:24,281 [INFO] Rating TTD...
2026-03-02 16:07:24,550 [INFO] Rating O...
2026-03-02 16:07:24,934 [INFO] Rating TER...
2026-03-02 16:07:25,273 [INFO] Rating WCN...
2026-03-02 16:07:25,565 [INFO] Rating HLT...
2026-03-02 16:07:25,902 [INFO] ✅ Scan complete.
2026-03-03 17:30:58,898 [INFO] --- 6:00 PM PST CLOSING RUN ---
2026-03-03 17:30:58,898 [INFO] Rating FAST...
2026-03-03 17:30:59,466 [INFO] Rating EQT...
2026-03-03 17:30:59,753 [INFO] Rating V...
2026-03-03 17:31:00,033 [INFO] Rating TPL...
2026-03-03 17:31:00,557 [INFO] Rating MSCI...
2026-03-03 17:31:00,883 [INFO] Rating ISRG...
2026-03-03 17:31:01,201 [INFO] Rating BA...
2026-03-03 17:31:01,566 [INFO] Rating STX...
2026-03-03 17:31:01,904 [INFO] Rating BRO...
2026-03-03 17:31:02,243 [INFO] Rating OWL...
2026-03-03 17:31:02,541 [INFO] Rating EQIX...
2026-03-03 17:31:02,865 [INFO] Rating NVT...
2026-03-03 17:31:03,128 [INFO] Rating BKNG...
2026-03-03 17:31:03,406 [INFO] Rating PLTR...
2026-03-03 17:31:03,666 [INFO] Rating AVGO...
2026-03-03 17:31:03,954 [INFO] Rating CRM...
2026-03-03 17:31:04,250 [INFO] Rating WDAY...
2026-03-03 17:31:04,521 [INFO] Rating ABNB...
2026-03-03 17:31:04,811 [INFO] Rating PODD...
2026-03-03 17:31:05,069 [INFO] Rating TEAM...
2026-03-03 17:31:05,366 [INFO] Rating GOOGL...
2026-03-03 17:31:05,627 [INFO] Rating CVNA...
2026-03-03 17:31:05,876 [INFO] Rating SPGI...
2026-03-03 17:31:06,189 [INFO] Rating DASH...
2026-03-03 17:31:06,466 [INFO] Rating LLY...
2026-03-03 17:31:06,791 [INFO] Rating IBKR...
2026-03-03 17:31:07,066 [INFO] Rating FSLR...
2026-03-03 17:31:07,399 [INFO] Rating ETN...
2026-03-03 17:31:07,746 [INFO] Rating ORLY...
2026-03-03 17:31:08,012 [INFO] Rating WAT...
2026-03-03 17:31:08,323 [INFO] Rating BURL...
2026-03-03 17:31:08,592 [INFO] Rating IDXX...
2026-03-03 17:31:08,849 [INFO] Rating MSTR...
2026-03-03 17:31:09,093 [INFO] Rating AZO...
2026-03-03 17:31:09,383 [INFO] Rating ANET...
2026-03-03 17:31:09,661 [INFO] Rating TYL...
2026-03-03 17:31:09,941 [INFO] Rating MA...
2026-03-03 17:31:10,236 [INFO] Rating MCO...
2026-03-03 17:31:10,599 [INFO] Rating EUAD...
2026-03-03 17:31:10,932 [INFO] Rating AAPL...
2026-03-03 17:31:11,255 [INFO] Rating COST...
2026-03-03 17:31:11,550 [INFO] Rating APH...
2026-03-03 17:31:11,843 [INFO] Rating APP...
2026-03-03 17:31:12,146 [INFO] Rating O...
2026-03-03 17:31:12,456 [INFO] Rating GE...
2026-03-03 17:31:12,812 [INFO] Rating HLT...
2026-03-03 17:31:13,086 [INFO] Rating GWW...
2026-03-03 17:31:13,435 [INFO] Rating COIN...
2026-03-03 17:31:13,685 [INFO] Rating SHLD...
2026-03-03 17:31:14,016 [INFO] Rating CPRT...
2026-03-03 17:31:14,313 [INFO] Rating VEEV...
2026-03-03 17:31:14,573 [INFO] Rating BR...
2026-03-03 17:31:14,906 [INFO] Rating HOOD...
2026-03-03 17:31:15,153 [INFO] Rating KLAC...
2026-03-03 17:31:15,434 [INFO] Rating LHX...
2026-03-03 17:31:15,753 [INFO] Rating ADSK...
2026-03-03 17:31:16,029 [INFO] Rating GDDY...
2026-03-03 17:31:16,322 [INFO] Rating TJX...
2026-03-03 17:31:16,640 [INFO] Rating CCJ...
2026-03-03 17:31:16,975 [INFO] Rating SYM...
2026-03-03 17:31:17,253 [INFO] Rating ASML...
2026-03-03 17:31:17,560 [INFO] Rating UBER...
2026-03-03 17:31:17,845 [INFO] Rating ALNY...
2026-03-03 17:31:18,224 [INFO] Rating PINS...
2026-03-03 17:31:18,490 [INFO] Rating ARES...
2026-03-03 17:31:18,755 [INFO] Rating MPWR...
2026-03-03 17:31:19,059 [INFO] Rating AMT...
2026-03-03 17:31:19,338 [INFO] Rating EFX...
2026-03-03 17:31:19,637 [INFO] Rating RTX...
2026-03-03 17:31:19,981 [INFO] Rating HUBB...
2026-03-03 17:31:20,299 [INFO] Rating MDB...
2026-03-03 17:31:20,590 [INFO] Rating PANW...
2026-03-03 17:31:20,871 [INFO] Rating ZS...
2026-03-03 17:31:21,164 [INFO] Rating TTD...
2026-03-03 17:31:21,488 [INFO] Rating SYK...
2026-03-03 17:31:21,788 [INFO] Rating AXON...
2026-03-03 17:31:22,037 [INFO] Rating GRID...
2026-03-03 17:31:22,330 [INFO] Rating AMD...
2026-03-03 17:31:22,586 [INFO] Rating XBI...
2026-03-03 17:31:22,865 [INFO] Rating MU...
2026-03-03 17:31:23,217 [INFO] Rating EXPE...
2026-03-03 17:31:23,502 [INFO] Rating CEG...
2026-03-03 17:31:23,757 [INFO] Rating ECL...
2026-03-03 17:31:24,128 [INFO] Rating ADBE...
2026-03-03 17:31:24,449 [INFO] Rating NOC...
2026-03-03 17:31:24,777 [INFO] Rating XYZ...
2026-03-03 17:31:25,044 [INFO] Rating SMCI...
2026-03-03 17:31:25,356 [INFO] Rating LMT...
2026-03-03 17:31:25,702 [INFO] Rating TTWO...
2026-03-03 17:31:25,960 [INFO] Rating ADP...
2026-03-03 17:31:26,294 [INFO] Rating CTRA...
2026-03-03 17:31:26,626 [INFO] Rating VRSN...
2026-03-03 17:31:26,924 [INFO] Rating SNOW...
2026-03-03 17:31:27,205 [INFO] Rating NVDA...
2026-03-03 17:31:27,471 [INFO] Rating WCN...
2026-03-03 17:31:27,778 [INFO] Rating HWM...
2026-03-03 17:31:28,085 [INFO] Rating FTNT...
2026-03-03 17:31:28,363 [INFO] Rating GEV...
2026-03-03 17:31:28,630 [INFO] Rating SHW...
2026-03-03 17:31:28,981 [INFO] Rating MRVL...
2026-03-03 17:31:29,259 [INFO] Rating WELL...
2026-03-03 17:31:29,629 [INFO] Rating LRCX...
2026-03-03 17:31:29,918 [INFO] Rating FICO...
2026-03-03 17:31:30,198 [INFO] Rating VRT...
2026-03-03 17:31:30,458 [INFO] Rating LPLA...
2026-03-03 17:31:30,739 [INFO] Rating FLUT...
2026-03-03 17:31:30,998 [INFO] Rating VMC...
2026-03-03 17:31:31,330 [INFO] Rating INTU...
2026-03-03 17:31:31,619 [INFO] Rating ODFL...
2026-03-03 17:31:31,901 [INFO] Rating WST...
2026-03-03 17:31:32,230 [INFO] Rating NFLX...
2026-03-03 17:31:32,510 [INFO] Rating CRWD...
2026-03-03 17:31:32,775 [INFO] Rating LYV...
2026-03-03 17:31:33,031 [INFO] Rating HII...
2026-03-03 17:31:33,316 [INFO] Rating CTAS...
2026-03-03 17:31:33,640 [INFO] Rating HUBS...
2026-03-03 17:31:33,937 [INFO] Rating MLM...
2026-03-03 17:31:34,316 [INFO] Rating SBUX...
2026-03-03 17:31:34,592 [INFO] Rating PAYX...
2026-03-03 17:31:34,962 [INFO] Rating MSFT...
2026-03-03 17:31:35,319 [INFO] Rating AMAT...
2026-03-03 17:31:35,625 [INFO] Rating DXCM...
2026-03-03 17:31:35,920 [INFO] Rating PWR...
2026-03-03 17:31:36,402 [INFO] Rating META...
2026-03-03 17:31:37,130 [INFO] Rating RMD...
2026-03-03 17:31:37,434 [INFO] Rating RBLX...
2026-03-03 17:31:37,822 [INFO] Rating NOW...
2026-03-03 17:31:38,128 [INFO] Rating MCD...
2026-03-03 17:31:38,461 [INFO] Rating AMZN...
2026-03-03 17:31:38,803 [INFO] Rating HALO...
2026-03-03 17:31:39,065 [INFO] Rating DDOG...
2026-03-03 17:31:39,340 [INFO] Rating CSGP...
2026-03-03 17:31:39,614 [INFO] Rating TXN...
2026-03-03 17:31:39,946 [INFO] Rating ALAB...
2026-03-03 17:31:40,249 [INFO] Rating RDDT...
2026-03-03 17:31:40,529 [INFO] Rating SBAC...
2026-03-03 17:31:40,813 [INFO] Rating MNST...
2026-03-03 17:31:41,067 [INFO] Rating ORCL...
2026-03-03 17:31:41,343 [INFO] Rating APO...
2026-03-03 17:31:41,632 [INFO] Rating TMUS...
2026-03-03 17:31:41,903 [INFO] Rating CDNS...
2026-03-03 17:31:42,173 [INFO] Rating ROL...
2026-03-03 17:31:42,498 [INFO] Rating VG...
2026-03-03 17:31:42,803 [INFO] Rating YUM...
2026-03-03 17:31:43,105 [INFO] Rating TSM...
2026-03-03 17:31:43,416 [INFO] Rating CMG...
2026-03-03 17:31:43,684 [INFO] Rating TRGP...
2026-03-03 17:31:43,958 [INFO] Rating MSI...
2026-03-03 17:31:44,311 [INFO] Rating VRTX...
2026-03-03 17:31:44,584 [INFO] Rating ZTS...
2026-03-03 17:31:44,877 [INFO] Rating TSLA...
2026-03-03 17:31:45,130 [INFO] Rating MTD...
2026-03-03 17:31:45,400 [INFO] Rating HEI...
2026-03-03 17:31:45,747 [INFO] Rating LULU...
2026-03-03 17:31:46,065 [INFO] Rating SNPS...
2026-03-03 17:31:46,337 [INFO] Rating FIX...
2026-03-03 17:31:46,675 [INFO] Rating WDC...
2026-03-03 17:31:46,981 [INFO] Rating BX...
2026-03-03 17:31:47,300 [INFO] Rating TDG...
2026-03-03 17:31:47,591 [INFO] Rating RCL...
2026-03-03 17:31:47,943 [INFO] Rating UFO...
2026-03-03 17:31:48,259 [INFO] Rating NET...
2026-03-03 17:31:48,516 [INFO] Rating VRSK...
2026-03-03 17:31:48,814 [INFO] Rating BSX...
2026-03-03 17:31:49,112 [INFO] Rating NLR...
2026-03-03 17:31:49,398 [INFO] Rating INSM...
2026-03-03 17:31:49,646 [INFO] Rating MAR...
2026-03-03 17:31:49,960 [INFO] Rating LVS...
2026-03-03 17:31:50,243 [INFO] Rating TW...
2026-03-03 17:31:50,517 [INFO] Rating TER...
2026-03-03 17:31:50,808 [INFO] Rating GOOG...
2026-03-03 17:31:51,107 [INFO] ✅ Scan complete.
2026-03-04 16:05:10,950 [INFO] --- 6:00 PM PST CLOSING RUN ---
2026-03-04 16:05:10,950 [INFO] Rating WELL...
2026-03-04 16:05:11,624 [INFO] Rating EXPE...
2026-03-04 16:05:11,913 [INFO] Rating AMT...
2026-03-04 16:05:12,402 [INFO] Rating ARES...
2026-03-04 16:05:12,746 [INFO] Rating RDDT...
2026-03-04 16:05:13,089 [INFO] Rating VRSK...
2026-03-04 16:05:13,467 [INFO] Rating PWR...
2026-03-04 16:05:13,819 [INFO] Rating LPLA...
2026-03-04 16:05:14,159 [INFO] Rating EUAD...
2026-03-04 16:05:14,452 [INFO] Rating ADP...
2026-03-04 16:05:14,794 [INFO] Rating GWW...
2026-03-04 16:05:15,225 [INFO] Rating SMCI...
2026-03-04 16:05:15,586 [INFO] Rating ETN...
2026-03-04 16:05:15,932 [INFO] Rating DDOG...
2026-03-04 16:05:16,198 [INFO] Rating MCD...
2026-03-04 16:05:16,609 [INFO] Rating CCJ...
2026-03-04 16:05:16,954 [INFO] Rating ROL...
2026-03-04 16:05:17,331 [INFO] Rating TRGP...
2026-03-04 16:05:17,653 [INFO] Rating O...
2026-03-04 16:05:18,007 [INFO] Rating ORCL...
2026-03-04 16:05:18,318 [INFO] Rating NVT...
2026-03-04 16:05:18,627 [INFO] Rating NVDA...
2026-03-04 16:05:19,027 [INFO] Rating FLUT...
2026-03-04 16:05:19,748 [INFO] Rating ISRG...
2026-03-04 16:05:20,077 [INFO] Rating SNPS...
2026-03-04 16:05:20,385 [INFO] Rating HII...
2026-03-04 16:05:20,726 [INFO] Rating ALNY...
2026-03-04 16:05:21,024 [INFO] Rating ODFL...
2026-03-04 16:05:21,361 [INFO] Rating WCN...
2026-03-04 16:05:21,755 [INFO] Rating GEV...
2026-03-04 16:05:22,091 [INFO] Rating FAST...
2026-03-04 16:05:22,404 [INFO] Rating PODD...
2026-03-04 16:05:22,735 [INFO] Rating FICO...
2026-03-04 16:05:23,081 [INFO] Rating TJX...
2026-03-04 16:05:23,434 [INFO] Rating RBLX...
2026-03-04 16:05:23,703 [INFO] Rating BKNG...
2026-03-04 16:05:24,032 [INFO] Rating TXN...
2026-03-04 16:05:24,454 [INFO] Rating COST...
2026-03-04 16:05:24,783 [INFO] Rating CVNA...
2026-03-04 16:05:25,105 [INFO] Rating COIN...
2026-03-04 16:05:25,384 [INFO] Rating SYM...
2026-03-04 16:05:25,715 [INFO] Rating HALO...
2026-03-04 16:05:25,995 [INFO] Rating VMC...
2026-03-04 16:05:26,319 [INFO] Rating VRSN...
2026-03-04 16:05:26,628 [INFO] Rating TYL...
2026-03-04 16:05:26,949 [INFO] Rating WST...
2026-03-04 16:05:27,274 [INFO] Rating SHW...
2026-03-04 16:05:27,610 [INFO] Rating INTU...
2026-03-04 16:05:28,006 [INFO] Rating EQIX...
2026-03-04 16:05:28,359 [INFO] Rating SPGI...
2026-03-04 16:05:28,676 [INFO] Rating PAYX...
2026-03-04 16:05:29,030 [INFO] Rating MLM...
2026-03-04 16:05:29,403 [INFO] Rating BX...
2026-03-04 16:05:29,765 [INFO] Rating RMD...
2026-03-04 16:05:30,102 [INFO] Rating HLT...
2026-03-04 16:05:30,487 [INFO] Rating CRM...
2026-03-04 16:05:30,773 [INFO] Rating HWM...
2026-03-04 16:05:31,194 [INFO] Rating YUM...
2026-03-04 16:05:31,563 [INFO] Rating AAPL...
2026-03-04 16:05:31,946 [INFO] Rating ANET...
2026-03-04 16:05:32,296 [INFO] Rating HUBB...
2026-03-04 16:05:32,665 [INFO] Rating CTAS...
2026-03-04 16:05:33,133 [INFO] Rating MSCI...
2026-03-04 16:05:33,492 [INFO] Rating VRT...
2026-03-04 16:05:33,870 [INFO] Rating MDB...
2026-03-04 16:05:34,197 [INFO] Rating MCO...
2026-03-04 16:05:34,535 [INFO] Rating AZO...
2026-03-04 16:05:34,896 [INFO] Rating SBUX...
2026-03-04 16:05:35,256 [INFO] Rating MNST...
2026-03-04 16:05:35,656 [INFO] Rating KLAC...
2026-03-04 16:05:36,054 [INFO] Rating LYV...
2026-03-04 16:05:36,372 [INFO] Rating IBKR...
2026-03-04 16:05:36,666 [INFO] Rating TER...
2026-03-04 16:05:37,000 [INFO] Rating V...
2026-03-04 16:05:37,346 [INFO] Rating XBI...
2026-03-04 16:05:37,659 [INFO] Rating LRCX...
2026-03-04 16:05:37,979 [INFO] Rating CEG...
2026-03-04 16:05:38,306 [INFO] Rating WDAY...
2026-03-04 16:05:38,640 [INFO] Rating FIX...
2026-03-04 16:05:38,968 [INFO] Rating BA...
2026-03-04 16:05:39,326 [INFO] Rating NOC...
2026-03-04 16:05:39,695 [INFO] Rating AXON...
2026-03-04 16:05:39,988 [INFO] Rating GE...
2026-03-04 16:05:40,390 [INFO] Rating CPRT...
2026-03-04 16:05:40,691 [INFO] Rating PANW...
2026-03-04 16:05:40,988 [INFO] Rating MTD...
2026-03-04 16:05:41,292 [INFO] Rating ECL...
2026-03-04 16:05:41,651 [INFO] Rating NLR...
2026-03-04 16:05:41,953 [INFO] Rating META...
2026-03-04 16:05:42,278 [INFO] Rating GRID...
2026-03-04 16:05:42,620 [INFO] Rating TMUS...
2026-03-04 16:05:43,044 [INFO] Rating FTNT...
2026-03-04 16:05:43,331 [INFO] Rating UFO...
2026-03-04 16:05:43,675 [INFO] Rating AMZN...
2026-03-04 16:05:43,980 [INFO] Rating LULU...
2026-03-04 16:05:44,306 [INFO] Rating INSM...
2026-03-04 16:05:44,646 [INFO] Rating ASML...
2026-03-04 16:05:44,962 [INFO] Rating BSX...
2026-03-04 16:05:45,288 [INFO] Rating AVGO...
2026-03-04 16:05:45,596 [INFO] Rating NFLX...
2026-03-04 16:05:45,917 [INFO] Rating GOOG...
2026-03-04 16:05:46,186 [INFO] Rating LMT...
2026-03-04 16:05:46,557 [INFO] Rating DXCM...
2026-03-04 16:05:46,873 [INFO] Rating APP...
2026-03-04 16:05:47,185 [INFO] Rating MSFT...
2026-03-04 16:05:47,508 [INFO] Rating WAT...
2026-03-04 16:05:47,775 [INFO] Rating BR...
2026-03-04 16:05:48,129 [INFO] Rating OWL...
2026-03-04 16:05:48,476 [INFO] Rating SYK...
2026-03-04 16:05:48,819 [INFO] Rating TDG...
2026-03-04 16:05:49,214 [INFO] Rating RCL...
2026-03-04 16:05:49,538 [INFO] Rating GDDY...
2026-03-04 16:05:49,838 [INFO] Rating VG...
2026-03-04 16:05:50,139 [INFO] Rating MRVL...
2026-03-04 16:05:50,457 [INFO] Rating ALAB...
2026-03-04 16:05:50,758 [INFO] Rating SHLD...
2026-03-04 16:05:51,057 [INFO] Rating PINS...
2026-03-04 16:05:51,342 [INFO] Rating ZS...
2026-03-04 16:05:51,603 [INFO] Rating STX...
2026-03-04 16:05:51,944 [INFO] Rating SBAC...
2026-03-04 16:05:52,261 [INFO] Rating TTD...
2026-03-04 16:05:52,560 [INFO] Rating HOOD...
2026-03-04 16:05:52,891 [INFO] Rating APH...
2026-03-04 16:05:53,178 [INFO] Rating WDC...
2026-03-04 16:05:53,488 [INFO] Rating MSTR...
2026-03-04 16:05:53,831 [INFO] Rating CRWD...
2026-03-04 16:05:54,140 [INFO] Rating NET...
2026-03-04 16:05:54,450 [INFO] Rating GOOGL...
2026-03-04 16:05:54,752 [INFO] Rating CMG...
2026-03-04 16:05:55,077 [INFO] Rating EQT...
2026-03-04 16:05:55,447 [INFO] Rating DASH...
2026-03-04 16:05:55,780 [INFO] Rating IDXX...
2026-03-04 16:05:56,095 [INFO] Rating ADBE...
2026-03-04 16:05:56,440 [INFO] Rating BURL...
2026-03-04 16:05:56,795 [INFO] Rating ORLY...
2026-03-04 16:05:57,127 [INFO] Rating BRO...
2026-03-04 16:05:57,903 [INFO] Rating PLTR...
2026-03-04 16:05:58,228 [INFO] Rating LVS...
2026-03-04 16:05:58,588 [INFO] Rating CSGP...
2026-03-04 16:05:58,932 [INFO] Rating TEAM...
2026-03-04 16:05:59,282 [INFO] Rating TPL...
2026-03-04 16:05:59,631 [INFO] Rating MPWR...
2026-03-04 16:05:59,993 [INFO] Rating APO...
2026-03-04 16:06:00,324 [INFO] Rating XYZ...
2026-03-04 16:06:00,642 [INFO] Rating TSM...
2026-03-04 16:06:01,003 [INFO] Rating NOW...
2026-03-04 16:06:01,301 [INFO] Rating ADSK...
2026-03-04 16:06:01,588 [INFO] Rating HEI...
2026-03-04 16:06:01,958 [INFO] Rating VEEV...
2026-03-04 16:06:02,279 [INFO] Rating AMAT...
2026-03-04 16:06:02,651 [INFO] Rating LHX...
2026-03-04 16:06:03,041 [INFO] Rating CTRA...
2026-03-04 16:06:03,417 [INFO] Rating TSLA...
2026-03-04 16:06:03,717 [INFO] Rating LLY...
2026-03-04 16:06:04,100 [INFO] Rating CDNS...
2026-03-04 16:06:04,424 [INFO] Rating TTWO...
2026-03-04 16:06:04,703 [INFO] Rating MU...
2026-03-04 16:06:05,046 [INFO] Rating UBER...
2026-03-04 16:06:05,404 [INFO] Rating EFX...
2026-03-04 16:06:05,774 [INFO] Rating ABNB...
2026-03-04 16:06:06,103 [INFO] Rating SNOW...
2026-03-04 16:06:06,400 [INFO] Rating MSI...
2026-03-04 16:06:06,824 [INFO] Rating HUBS...
2026-03-04 16:06:07,106 [INFO] Rating MAR...
2026-03-04 16:06:07,510 [INFO] Rating FSLR...
2026-03-04 16:06:07,832 [INFO] Rating MA...
2026-03-04 16:06:08,162 [INFO] Rating VRTX...
2026-03-04 16:06:08,452 [INFO] Rating RTX...
2026-03-04 16:06:08,853 [INFO] Rating ZTS...
2026-03-04 16:06:09,208 [INFO] Rating AMD...
2026-03-04 16:06:09,511 [INFO] Rating TW...
2026-03-04 16:06:09,846 [INFO] ✅ Scan complete.
