2026-03-01 05:00:04,497 [INFO] 🚀 Cache Refresh Started: 2026-03-01 05:00
2026-03-01 05:00:04,500 [INFO] 📊 Refreshing 1013 tickers with ThreadPool (max 2 workers)...
2026-03-01 05:00:04,501 [INFO] ⏭️  Skipping 0 already updated tickers.
2026-03-01 05:08:14,515 [INFO] 
============================================================
2026-03-01 05:08:14,516 [INFO] CACHE REFRESH COMPLETE
2026-03-01 05:08:14,516 [INFO] ============================================================
2026-03-01 05:08:14,516 [INFO] ✅ Price/Fundamental Success: 1011/1013 (99.8%)
2026-03-01 05:08:14,516 [INFO] 💰 Revenue History Updated:   0
2026-03-01 05:08:14,516 [INFO] ❌ Failed:                    2/1013 (0.2%)
2026-03-01 05:08:14,516 [INFO] ⏱️  Duration:                  8.2 minutes
2026-03-01 05:08:14,516 [INFO] 
--- FAILURE BREAKDOWN ---
2026-03-01 05:08:14,516 [INFO]      INVALID_DATA:    2 (100.0%)
2026-03-02 05:00:05,543 [INFO] 🚀 Cache Refresh Started: 2026-03-02 05:00
2026-03-02 05:00:05,546 [INFO] 📊 Refreshing 1013 tickers with ThreadPool (max 2 workers)...
2026-03-02 05:00:05,547 [INFO] ⏭️  Skipping 0 already updated tickers.
2026-03-02 16:30:05,305 [INFO] 🚀 Cache Refresh Started: 2026-03-02 16:30
2026-03-02 16:30:05,308 [INFO] 📊 Refreshing 1013 tickers with ThreadPool (max 2 workers)...
2026-03-02 16:30:05,308 [INFO] ⏭️  Skipping 1 already updated tickers.
2026-03-02 16:35:12,925 [INFO] 🚀 Cache Refresh Started: 2026-03-02 16:35
2026-03-02 16:35:12,926 [INFO] 📊 Refreshing 1013 tickers with ThreadPool (max 2 workers)...
2026-03-02 16:35:12,927 [INFO] ⏭️  Skipping 633 already updated tickers.
2026-03-02 16:38:14,553 [INFO] 
============================================================
2026-03-02 16:38:14,553 [INFO] CACHE REFRESH COMPLETE
2026-03-02 16:38:14,553 [INFO] ============================================================
2026-03-02 16:38:14,553 [INFO] ✅ Price/Fundamental Success: 1011/1013 (99.8%)
2026-03-02 16:38:14,553 [INFO] 💰 Revenue History Updated:   0
2026-03-02 16:38:14,554 [INFO] ❌ Failed:                    2/1013 (0.2%)
2026-03-02 16:38:14,554 [INFO] ⏱️  Duration:                  3.0 minutes
2026-03-02 16:38:14,554 [INFO] 
--- FAILURE BREAKDOWN ---
2026-03-02 16:38:14,554 [INFO]      INVALID_DATA:    2 (100.0%)
2026-03-03 17:30:55,449 [INFO] 🚀 Cache Refresh Started: 2026-03-03 17:30
2026-03-03 17:30:55,451 [INFO] 📊 Refreshing 1009 tickers with ThreadPool (max 2 workers)...
2026-03-03 17:30:55,452 [INFO] ⏭️  Skipping 1009 already updated tickers.
2026-03-03 17:30:55,452 [INFO] 
============================================================
2026-03-03 17:30:55,452 [INFO] CACHE REFRESH COMPLETE
2026-03-03 17:30:55,452 [INFO] ============================================================
2026-03-03 17:30:55,452 [INFO] ✅ Price/Fundamental Success: 1009/1009 (100.0%)
2026-03-03 17:30:55,452 [INFO] 💰 Revenue History Updated:   0
2026-03-03 17:30:55,452 [INFO] ❌ Failed:                    0/1009 (0.0%)
2026-03-03 17:30:55,452 [INFO] ⏱️  Duration:                  0.0 minutes
2026-03-03 17:36:15,497 [INFO] 🚀 Cache Refresh Started: 2026-03-03 17:36
2026-03-03 17:36:15,498 [INFO] 📊 Refreshing 1009 tickers with ThreadPool (max 2 workers)...
2026-03-03 17:36:15,498 [INFO] ⏭️  Skipping 1009 already updated tickers.
2026-03-03 17:36:15,498 [INFO] 
============================================================
2026-03-03 17:36:15,498 [INFO] CACHE REFRESH COMPLETE
2026-03-03 17:36:15,498 [INFO] ============================================================
2026-03-03 17:36:15,499 [INFO] ✅ Price/Fundamental Success: 1009/1009 (100.0%)
2026-03-03 17:36:15,499 [INFO] 💰 Revenue History Updated:   0
2026-03-03 17:36:15,499 [INFO] ❌ Failed:                    0/1009 (0.0%)
2026-03-03 17:36:15,499 [INFO] ⏱️  Duration:                  0.0 minutes
2026-03-04 16:30:04,197 [INFO] 🚀 Cache Refresh Started: 2026-03-04 16:30
2026-03-04 16:30:04,199 [INFO] 📊 Refreshing 1009 tickers with ThreadPool (max 2 workers)...
2026-03-04 16:30:04,199 [INFO] ⏭️  Skipping 0 already updated tickers.
2026-03-04 16:35:12,503 [INFO] 🚀 Cache Refresh Started: 2026-03-04 16:35
2026-03-04 16:35:12,505 [INFO] 📊 Refreshing 1009 tickers with ThreadPool (max 2 workers)...
2026-03-04 16:35:12,505 [INFO] ⏭️  Skipping 572 already updated tickers.
2026-03-04 16:38:53,457 [INFO] 
============================================================
2026-03-04 16:38:53,457 [INFO] CACHE REFRESH COMPLETE
2026-03-04 16:38:53,457 [INFO] ============================================================
2026-03-04 16:38:53,458 [INFO] ✅ Price/Fundamental Success: 1009/1009 (100.0%)
2026-03-04 16:38:53,458 [INFO] 💰 Revenue History Updated:   0
2026-03-04 16:38:53,458 [INFO] ❌ Failed:                    0/1009 (0.0%)
2026-03-04 16:38:53,458 [INFO] ⏱️  Duration:                  3.7 minutes
