2026-03-02 09:04:44,770 [INFO] 🚀 Starting InvestIQ scan_all.py (unified scoring pipeline)...
2026-03-02 09:04:44,828 [INFO] Limited to 5 tickers (test mode)
2026-03-02 09:04:44,828 [INFO] Found 5 tickers to scan
2026-03-02 09:04:44,829 [INFO] Initialized BreakoutRater + RotationCatcher
2026-03-02 09:04:50,580 [INFO] ✅ Saved 1 top stocks to top_stocks.json
2026-03-02 09:04:50,580 [INFO]    Saved 5 total stocks to all_stocks.json
2026-03-02 09:04:50,580 [INFO]    Errors: 0
2026-03-02 09:05:16,775 [INFO] 🚀 Starting InvestIQ scan_all.py (unified scoring pipeline)...
2026-03-02 09:05:16,782 [INFO] Limited to 3 tickers (test mode)
2026-03-02 09:05:16,782 [INFO] Found 3 tickers to scan
2026-03-02 09:05:16,782 [INFO] Initialized BreakoutRater + RotationCatcher
2026-03-02 09:05:20,269 [INFO] ✅ Saved 1 top stocks to top_stocks.json
2026-03-02 09:05:20,269 [INFO]    Saved 3 total stocks to all_stocks.json
2026-03-02 09:05:20,269 [INFO]    Errors: 0
2026-03-02 09:11:56,674 [INFO] 🚀 Starting InvestIQ scan_all.py (unified scoring pipeline)...
2026-03-02 09:11:56,726 [INFO] Found 1035 tickers to scan
2026-03-02 09:11:56,726 [INFO] Initialized BreakoutRater + RotationCatcher
2026-03-02 09:13:16,044 [INFO]   Processed 100/1035 (100 scored, 0 errors)...
2026-03-02 09:14:32,442 [INFO]   Processed 200/1035 (200 scored, 0 errors)...
2026-03-02 09:15:31,854 [INFO] 🚀 Starting InvestIQ scan_all.py (unified scoring pipeline)...
2026-03-02 09:15:31,860 [INFO] Found 1035 tickers to scan
2026-03-02 09:15:31,860 [INFO] Initialized BreakoutRater + RotationCatcher
2026-03-02 09:17:44,628 [INFO] 🚀 Starting InvestIQ scan_all.py (unified scoring pipeline)...
2026-03-02 09:17:44,634 [INFO] Found 1035 tickers to scan
2026-03-02 09:17:44,635 [INFO] Loaded 3 previous rotation scores (skip-rotation mode)
2026-03-02 09:17:44,635 [INFO] Initialized BreakoutRater
2026-03-02 09:17:46,931 [INFO]   Processed 100/1035 (100 scored, 0 errors)...
2026-03-02 09:17:47,057 [INFO]   Processed 200/1035 (200 scored, 0 errors)...
2026-03-02 09:17:47,177 [INFO]   Processed 300/1035 (298 scored, 0 errors)...
2026-03-02 09:17:47,295 [INFO]   Processed 400/1035 (396 scored, 0 errors)...
2026-03-02 09:17:47,411 [INFO]   Processed 500/1035 (492 scored, 0 errors)...
2026-03-02 09:17:47,532 [INFO]   Processed 600/1035 (592 scored, 0 errors)...
2026-03-02 09:17:47,655 [INFO]   Processed 700/1035 (691 scored, 0 errors)...
2026-03-02 09:17:47,779 [INFO]   Processed 800/1035 (790 scored, 0 errors)...
2026-03-02 09:17:47,899 [INFO]   Processed 900/1035 (887 scored, 0 errors)...
2026-03-02 09:17:48,019 [INFO]   Processed 1000/1035 (984 scored, 0 errors)...
2026-03-02 09:17:48,101 [INFO] ✅ Saved 268 top stocks to top_stocks.json
2026-03-02 09:17:48,101 [INFO]    Saved 1015 total stocks to all_stocks.json
2026-03-02 09:17:48,101 [INFO]    Errors: 0
2026-03-02 09:17:49,003 [INFO] Git push complete
2026-03-02 10:56:19,714 [INFO] 🚀 Starting InvestIQ scan_all.py (unified scoring pipeline)...
2026-03-02 10:56:19,831 [INFO] Found 1035 tickers to scan
2026-03-02 10:56:19,831 [INFO] Initialized BreakoutRater + RotationCatcher
2026-03-02 10:58:20,827 [INFO] 🚀 Starting InvestIQ scan_all.py (unified scoring pipeline)...
2026-03-02 10:58:20,833 [INFO] Limited to 20 tickers (test mode)
2026-03-02 10:58:20,833 [INFO] Found 20 tickers to scan
2026-03-02 10:58:20,833 [INFO] Initialized BreakoutRater + RotationCatcher
2026-03-02 10:58:22,693 [INFO] ✅ Saved 5 top stocks to top_stocks.json
2026-03-02 10:58:22,693 [INFO]    Saved 20 total stocks to all_stocks.json
2026-03-02 10:58:22,693 [INFO]    Errors: 0
2026-03-02 10:58:50,210 [INFO] 🚀 Starting InvestIQ scan_all.py (unified scoring pipeline)...
2026-03-02 10:58:50,217 [INFO] Found 1035 tickers to scan
2026-03-02 10:58:50,217 [INFO] Initialized BreakoutRater + RotationCatcher
2026-03-02 10:59:03,745 [INFO]   Processed 100/1035 (100 scored, 0 errors)...
2026-03-02 10:59:04,105 [INFO]   Processed 200/1035 (200 scored, 0 errors)...
2026-03-02 10:59:04,456 [INFO]   Processed 300/1035 (298 scored, 0 errors)...
2026-03-02 10:59:04,806 [INFO]   Processed 400/1035 (396 scored, 0 errors)...
2026-03-02 10:59:05,150 [INFO]   Processed 500/1035 (492 scored, 0 errors)...
2026-03-02 10:59:05,509 [INFO]   Processed 600/1035 (592 scored, 0 errors)...
2026-03-02 10:59:05,862 [INFO]   Processed 700/1035 (691 scored, 0 errors)...
2026-03-02 10:59:06,215 [INFO]   Processed 800/1035 (790 scored, 0 errors)...
2026-03-02 10:59:06,563 [INFO]   Processed 900/1035 (887 scored, 0 errors)...
2026-03-02 10:59:06,910 [INFO]   Processed 1000/1035 (984 scored, 0 errors)...
2026-03-02 10:59:07,067 [INFO] ✅ Saved 268 top stocks to top_stocks.json
2026-03-02 10:59:07,067 [INFO]    Saved 1015 total stocks to all_stocks.json
2026-03-02 10:59:07,067 [INFO]    Errors: 0
2026-03-02 10:59:08,012 [INFO] Git push complete
2026-03-02 11:00:08,252 [INFO] 🚀 Starting InvestIQ scan_all.py (unified scoring pipeline)...
2026-03-02 11:00:08,259 [INFO] Found 1035 tickers to scan
2026-03-02 11:00:08,259 [INFO] Initialized BreakoutRater + RotationCatcher
2026-03-02 11:00:11,834 [INFO]   Processed 100/1035 (100 scored, 0 errors)...
2026-03-02 11:00:12,203 [INFO]   Processed 200/1035 (200 scored, 0 errors)...
2026-03-02 11:00:12,564 [INFO]   Processed 300/1035 (298 scored, 0 errors)...
2026-03-02 11:00:12,922 [INFO]   Processed 400/1035 (396 scored, 0 errors)...
2026-03-02 11:00:13,273 [INFO]   Processed 500/1035 (492 scored, 0 errors)...
2026-03-02 11:00:13,639 [INFO]   Processed 600/1035 (592 scored, 0 errors)...
2026-03-02 11:00:14,001 [INFO]   Processed 700/1035 (691 scored, 0 errors)...
2026-03-02 11:00:14,361 [INFO]   Processed 800/1035 (790 scored, 0 errors)...
2026-03-02 11:00:14,716 [INFO]   Processed 900/1035 (887 scored, 0 errors)...
2026-03-02 11:00:15,070 [INFO]   Processed 1000/1035 (984 scored, 0 errors)...
2026-03-02 11:00:15,227 [INFO] ✅ Saved 268 top stocks to top_stocks.json
2026-03-02 11:00:15,228 [INFO]    Saved 1015 total stocks to all_stocks.json
2026-03-02 11:00:15,228 [INFO]    Errors: 0
2026-03-02 11:00:16,101 [INFO] Git push complete
2026-03-02 11:18:04,862 [INFO] 🚀 Starting InvestIQ scan_all.py (unified scoring pipeline)...
2026-03-02 11:18:04,871 [INFO] Limited to 3 tickers (test mode)
2026-03-02 11:18:04,871 [INFO] Found 3 tickers to scan
2026-03-02 11:18:04,877 [INFO] Loaded 1015 previous rotation scores (skip-rotation mode)
2026-03-02 11:18:04,877 [INFO] Initialized BreakoutRater
2026-03-02 11:18:05,665 [INFO] ✅ Saved 0 top stocks to top_stocks.json
2026-03-02 11:18:05,665 [INFO]    Saved 3 total stocks to all_stocks.json
2026-03-02 11:18:05,665 [INFO]    Errors: 0
2026-03-02 11:21:01,611 [INFO] 🚀 Starting InvestIQ scan_all.py (unified scoring pipeline)...
2026-03-02 11:21:01,617 [INFO] Limited to 3 tickers (test mode)
2026-03-02 11:21:01,618 [INFO] Found 3 tickers to scan
2026-03-02 11:21:01,618 [INFO] Initialized BreakoutRater + RotationCatcher
2026-03-02 11:21:02,938 [INFO] ✅ Saved 0 top stocks to top_stocks.json
2026-03-02 11:21:02,938 [INFO]    Saved 3 total stocks to all_stocks.json
2026-03-02 11:21:02,938 [INFO]    Errors: 0
2026-03-02 12:30:41,923 [INFO] 🚀 Starting InvestIQ scan_all.py (unified scoring pipeline)...
2026-03-02 12:30:42,044 [INFO] Found 1035 tickers to scan
2026-03-02 12:30:42,044 [INFO] Initialized BreakoutRater + RotationCatcher
2026-03-02 12:30:45,723 [INFO]   Processed 100/1035 (100 scored, 0 errors)...
2026-03-02 12:30:46,096 [INFO]   Processed 200/1035 (200 scored, 0 errors)...
2026-03-02 12:30:46,460 [INFO]   Processed 300/1035 (298 scored, 0 errors)...
2026-03-02 12:30:46,824 [INFO]   Processed 400/1035 (396 scored, 0 errors)...
2026-03-02 12:30:47,177 [INFO]   Processed 500/1035 (492 scored, 0 errors)...
2026-03-02 12:30:47,547 [INFO]   Processed 600/1035 (592 scored, 0 errors)...
2026-03-02 12:30:47,911 [INFO]   Processed 700/1035 (691 scored, 0 errors)...
2026-03-02 12:30:48,276 [INFO]   Processed 800/1035 (790 scored, 0 errors)...
2026-03-02 12:30:48,634 [INFO]   Processed 900/1035 (887 scored, 0 errors)...
2026-03-02 12:30:48,992 [INFO]   Processed 1000/1035 (984 scored, 0 errors)...
2026-03-02 12:30:49,149 [INFO] ✅ Saved 260 top stocks to top_stocks.json
2026-03-02 12:30:49,149 [INFO]    Saved 1015 total stocks to all_stocks.json
2026-03-02 12:30:49,149 [INFO]    Errors: 0
2026-03-02 12:30:50,006 [INFO] Git push complete
2026-03-02 16:45:03,840 [INFO] 🚀 Starting InvestIQ scan_all.py (unified scoring pipeline)...
2026-03-02 16:45:03,846 [INFO] Found 1035 tickers to scan
2026-03-02 16:45:03,846 [INFO] Initialized BreakoutRater + RotationCatcher
2026-03-02 16:45:07,028 [INFO]   Processed 100/1035 (100 scored, 0 errors)...
2026-03-02 16:45:07,400 [INFO]   Processed 200/1035 (200 scored, 0 errors)...
2026-03-02 16:45:07,764 [INFO]   Processed 300/1035 (298 scored, 0 errors)...
2026-03-02 16:45:08,128 [INFO]   Processed 400/1035 (396 scored, 0 errors)...
2026-03-02 16:45:08,481 [INFO]   Processed 500/1035 (492 scored, 0 errors)...
2026-03-02 16:45:08,847 [INFO]   Processed 600/1035 (592 scored, 0 errors)...
2026-03-02 16:45:09,209 [INFO]   Processed 700/1035 (691 scored, 0 errors)...
2026-03-02 16:45:09,571 [INFO]   Processed 800/1035 (790 scored, 0 errors)...
2026-03-02 16:45:09,927 [INFO]   Processed 900/1035 (887 scored, 0 errors)...
2026-03-02 16:45:10,282 [INFO]   Processed 1000/1035 (984 scored, 0 errors)...
2026-03-02 16:45:10,441 [INFO] ✅ Saved 268 top stocks to top_stocks.json
2026-03-02 16:45:10,441 [INFO]    Saved 1015 total stocks to all_stocks.json
2026-03-02 16:45:10,441 [INFO]    Errors: 0
2026-03-02 16:45:11,309 [INFO] Git push complete
2026-03-03 17:31:02,331 [INFO] 🚀 Starting InvestIQ scan_all.py (unified scoring pipeline)...
2026-03-03 17:31:02,338 [INFO] Found 1035 tickers to scan
2026-03-03 17:31:02,338 [INFO] Initialized BreakoutRater + RotationCatcher
2026-03-03 17:31:05,797 [INFO]   Processed 100/1035 (100 scored, 0 errors)...
2026-03-03 17:31:06,170 [INFO]   Processed 200/1035 (200 scored, 0 errors)...
2026-03-03 17:31:06,535 [INFO]   Processed 300/1035 (298 scored, 0 errors)...
2026-03-03 17:31:06,899 [INFO]   Processed 400/1035 (396 scored, 0 errors)...
2026-03-03 17:31:07,256 [INFO]   Processed 500/1035 (492 scored, 0 errors)...
2026-03-03 17:31:07,626 [INFO]   Processed 600/1035 (592 scored, 0 errors)...
2026-03-03 17:31:07,993 [INFO]   Processed 700/1035 (691 scored, 0 errors)...
2026-03-03 17:31:08,359 [INFO]   Processed 800/1035 (790 scored, 0 errors)...
2026-03-03 17:31:08,720 [INFO]   Processed 900/1035 (887 scored, 0 errors)...
2026-03-03 17:31:09,079 [INFO]   Processed 1000/1035 (984 scored, 0 errors)...
2026-03-03 17:31:09,240 [INFO] ✅ Saved 271 top stocks to top_stocks.json
2026-03-03 17:31:09,240 [INFO]    Saved 1015 total stocks to all_stocks.json
2026-03-03 17:31:09,240 [INFO]    Errors: 0
2026-03-03 17:31:09,289 [WARNING] Git push failed: Command '['git', 'push']' returned non-zero exit status 128.
2026-03-03 17:36:15,498 [INFO] 🚀 Starting InvestIQ scan_all.py (unified scoring pipeline)...
2026-03-03 17:36:15,505 [INFO] Found 1035 tickers to scan
2026-03-03 17:36:15,505 [INFO] Initialized BreakoutRater + RotationCatcher
2026-03-03 17:36:18,991 [INFO]   Processed 100/1035 (100 scored, 0 errors)...
2026-03-03 17:36:19,364 [INFO]   Processed 200/1035 (200 scored, 0 errors)...
2026-03-03 17:36:19,727 [INFO]   Processed 300/1035 (298 scored, 0 errors)...
2026-03-03 17:36:20,090 [INFO]   Processed 400/1035 (396 scored, 0 errors)...
2026-03-03 17:36:20,445 [INFO]   Processed 500/1035 (492 scored, 0 errors)...
2026-03-03 17:36:20,811 [INFO]   Processed 600/1035 (592 scored, 0 errors)...
2026-03-03 17:36:21,177 [INFO]   Processed 700/1035 (691 scored, 0 errors)...
2026-03-03 17:36:21,541 [INFO]   Processed 800/1035 (790 scored, 0 errors)...
2026-03-03 17:36:21,899 [INFO]   Processed 900/1035 (887 scored, 0 errors)...
2026-03-03 17:36:22,255 [INFO]   Processed 1000/1035 (984 scored, 0 errors)...
2026-03-03 17:36:22,415 [INFO] ✅ Saved 271 top stocks to top_stocks.json
2026-03-03 17:36:22,415 [INFO]    Saved 1015 total stocks to all_stocks.json
2026-03-03 17:36:22,415 [INFO]    Errors: 0
2026-03-03 17:36:23,288 [INFO] Git push complete
2026-03-04 16:06:38,587 [INFO] 🚀 Starting InvestIQ scan_all.py (unified scoring pipeline)...
2026-03-04 16:06:38,693 [INFO] Found 1035 tickers to scan
2026-03-04 16:06:38,693 [INFO] Initialized BreakoutRater + RotationCatcher
2026-03-04 16:06:42,499 [INFO]   Processed 100/1035 (100 scored, 0 errors)...
2026-03-04 16:06:42,874 [INFO]   Processed 200/1035 (200 scored, 0 errors)...
2026-03-04 16:06:43,242 [INFO]   Processed 300/1035 (298 scored, 0 errors)...
2026-03-04 16:06:43,607 [INFO]   Processed 400/1035 (396 scored, 0 errors)...
2026-03-04 16:06:43,964 [INFO]   Processed 500/1035 (492 scored, 0 errors)...
2026-03-04 16:06:44,336 [INFO]   Processed 600/1035 (592 scored, 0 errors)...
2026-03-04 16:06:44,704 [INFO]   Processed 700/1035 (691 scored, 0 errors)...
2026-03-04 16:06:45,072 [INFO]   Processed 800/1035 (790 scored, 0 errors)...
2026-03-04 16:06:45,438 [INFO]   Processed 900/1035 (887 scored, 0 errors)...
2026-03-04 16:06:45,809 [INFO]   Processed 1000/1035 (984 scored, 0 errors)...
2026-03-04 16:06:45,970 [INFO] ✅ Saved 271 top stocks to top_stocks.json
2026-03-04 16:06:45,970 [INFO]    Saved 1015 total stocks to all_stocks.json
2026-03-04 16:06:45,970 [INFO]    Errors: 0
2026-03-04 16:06:46,984 [INFO] Git push complete
2026-03-04 16:45:03,050 [INFO] 🚀 Starting InvestIQ scan_all.py (unified scoring pipeline)...
2026-03-04 16:45:03,057 [INFO] Found 1035 tickers to scan
2026-03-04 16:45:03,057 [INFO] Initialized BreakoutRater + RotationCatcher
2026-03-04 16:45:06,513 [INFO]   Processed 100/1035 (100 scored, 0 errors)...
2026-03-04 16:45:06,882 [INFO]   Processed 200/1035 (200 scored, 0 errors)...
2026-03-04 16:45:07,242 [INFO]   Processed 300/1035 (298 scored, 0 errors)...
2026-03-04 16:45:07,601 [INFO]   Processed 400/1035 (396 scored, 0 errors)...
2026-03-04 16:45:07,951 [INFO]   Processed 500/1035 (492 scored, 0 errors)...
2026-03-04 16:45:08,316 [INFO]   Processed 600/1035 (592 scored, 0 errors)...
2026-03-04 16:45:08,677 [INFO]   Processed 700/1035 (691 scored, 0 errors)...
2026-03-04 16:45:09,036 [INFO]   Processed 800/1035 (790 scored, 0 errors)...
2026-03-04 16:45:09,391 [INFO]   Processed 900/1035 (887 scored, 0 errors)...
2026-03-04 16:45:09,744 [INFO]   Processed 1000/1035 (984 scored, 0 errors)...
2026-03-04 16:45:09,900 [INFO] ✅ Saved 229 top stocks to top_stocks.json
2026-03-04 16:45:09,900 [INFO]    Saved 1015 total stocks to all_stocks.json
2026-03-04 16:45:09,900 [INFO]    Errors: 0
2026-03-04 16:45:10,893 [INFO] Git push complete
