2026-02-28 12:48:10,239 [INFO] Starting watchlist generation...
2026-02-28 12:48:10,249 [WARNING] Could not load all_stocks.json: 'str' object has no attribute 'get'
2026-02-28 12:48:10,250 [INFO] Processing basket: Trading Account (4 holdings)
2026-02-28 12:48:10,250 [INFO] Fetching data for VGT...
2026-02-28 12:48:10,674 [INFO] Fetching data for VUG...
2026-02-28 12:48:10,854 [INFO] Fetching data for GOOGL...
2026-02-28 12:48:11,037 [INFO] Fetching data for GOOG...
2026-02-28 12:48:11,227 [INFO] Processing basket: Roth IRA (3 holdings)
2026-02-28 12:48:11,228 [INFO] Fetching data for LMT...
2026-02-28 12:48:11,467 [INFO] Fetching data for NOC...
2026-02-28 12:48:11,675 [INFO] Fetching data for LHX...
2026-02-28 12:48:11,863 [INFO] Processing basket: IRA Core ETFs (7 holdings)
2026-02-28 12:48:11,863 [INFO] Fetching data for COPX...
2026-02-28 12:48:12,073 [INFO] Fetching data for GLD...
2026-02-28 12:48:12,250 [INFO] Fetching data for XLI...
2026-02-28 12:48:12,432 [INFO] Fetching data for VOO...
2026-02-28 12:48:12,637 [INFO] Fetching data for DXJ...
2026-02-28 12:48:12,831 [INFO] Fetching data for INDA...
2026-02-28 12:48:13,017 [INFO] Fetching data for SIL...
2026-02-28 12:48:13,238 [INFO] Processing basket: IRA Grid-to-Chip (12 holdings)
2026-02-28 12:48:13,239 [INFO] Fetching data for NLR...
2026-02-28 12:48:13,422 [INFO] Fetching data for VRT...
2026-02-28 12:48:13,606 [INFO] Fetching data for CEG...
2026-02-28 12:48:13,848 [INFO] Fetching data for PWR...
2026-02-28 12:48:14,036 [INFO] Fetching data for GEV...
2026-02-28 12:48:14,222 [INFO] Fetching data for ETN...
2026-02-28 12:48:14,411 [INFO] Fetching data for GRID...
2026-02-28 12:48:14,599 [INFO] Fetching data for NVT...
2026-02-28 12:48:14,799 [INFO] Fetching data for FIX...
2026-02-28 12:48:15,007 [INFO] Fetching data for CCJ...
2026-02-28 12:48:15,243 [INFO] Fetching data for APH...
2026-02-28 12:48:15,428 [INFO] Fetching data for HUBB...
2026-02-28 12:48:15,616 [INFO] Processing basket: IRA AI Semis (9 holdings)
2026-02-28 12:48:15,616 [INFO] Fetching data for MU...
2026-02-28 12:48:15,817 [INFO] Fetching data for AVGO...
2026-02-28 12:48:16,019 [INFO] Fetching data for TSM...
2026-02-28 12:48:16,250 [INFO] Fetching data for ANET...
2026-02-28 12:48:16,456 [INFO] Fetching data for WDC...
2026-02-28 12:48:16,649 [INFO] Fetching data for MRVL...
2026-02-28 12:48:16,851 [INFO] Fetching data for ASML...
2026-02-28 12:48:17,049 [INFO] Fetching data for AMD...
2026-02-28 12:48:17,240 [INFO] Fetching data for ALAB...
2026-02-28 12:48:17,439 [INFO] ✓ Watchlist generated: watchlist.json
2026-02-28 12:48:17,439 [INFO]   Total holdings: 35
2026-02-28 12:48:17,440 [INFO]   Baskets: 5
2026-02-28 13:04:13,878 [INFO] Starting watchlist generation...
2026-02-28 13:04:13,888 [WARNING] Could not load all_stocks.json: 'str' object has no attribute 'get'
2026-02-28 13:04:13,888 [INFO] Processing basket: Trading Account (4 holdings)
2026-02-28 13:04:13,888 [INFO] Fetching data for VGT...
2026-02-28 13:04:14,361 [INFO] Fetching data for VUG...
2026-02-28 13:04:14,552 [INFO] Fetching data for GOOGL...
2026-02-28 13:04:14,745 [INFO] Fetching data for GOOG...
2026-02-28 13:04:14,934 [INFO] Processing basket: IRA Core ETFs (7 holdings)
2026-02-28 13:04:14,934 [INFO] Fetching data for COPX...
2026-02-28 13:04:15,113 [INFO] Fetching data for GLD...
2026-02-28 13:04:15,322 [INFO] Fetching data for XLI...
2026-02-28 13:04:15,541 [INFO] Fetching data for VOO...
2026-02-28 13:04:15,711 [INFO] Fetching data for DXJ...
2026-02-28 13:04:15,911 [INFO] Fetching data for INDA...
2026-02-28 13:04:16,086 [INFO] Fetching data for SIL...
2026-02-28 13:04:16,266 [INFO] Processing basket: Grid-to-Chip (12 holdings)
2026-02-28 13:04:16,267 [INFO] Fetching data for NLR...
2026-02-28 13:04:16,508 [INFO] Fetching data for VRT...
2026-02-28 13:04:16,693 [INFO] Fetching data for CEG...
2026-02-28 13:04:16,866 [INFO] Fetching data for PWR...
2026-02-28 13:04:17,062 [INFO] Fetching data for GEV...
2026-02-28 13:04:17,281 [INFO] Fetching data for ETN...
2026-02-28 13:04:17,523 [INFO] Fetching data for GRID...
2026-02-28 13:04:17,708 [INFO] Fetching data for NVT...
2026-02-28 13:04:17,917 [INFO] Fetching data for FIX...
2026-02-28 13:04:18,109 [INFO] Fetching data for CCJ...
2026-02-28 13:04:18,325 [INFO] Fetching data for APH...
2026-02-28 13:04:18,520 [INFO] Fetching data for HUBB...
2026-02-28 13:04:18,716 [INFO] Processing basket: Defense & Aerospace (10 holdings)
2026-02-28 13:04:18,717 [INFO] Fetching data for LMT...
2026-02-28 13:04:18,956 [INFO] Fetching data for NOC...
2026-02-28 13:04:19,146 [INFO] Fetching data for LHX...
2026-02-28 13:04:19,379 [INFO] Fetching data for HWM...
2026-02-28 13:04:19,595 [INFO] Fetching data for HEI...
2026-02-28 13:04:19,791 [INFO] Fetching data for RTX...
2026-02-28 13:04:19,979 [INFO] Fetching data for HII...
2026-02-28 13:04:20,185 [INFO] Fetching data for UFO...
2026-02-28 13:04:20,409 [INFO] Fetching data for EUAD...
2026-02-28 13:04:20,597 [INFO] Fetching data for SHLD...
2026-02-28 13:04:20,778 [INFO] Processing basket: AI Semis (9 holdings)
2026-02-28 13:04:20,779 [INFO] Fetching data for MU...
2026-02-28 13:04:20,984 [INFO] Fetching data for AVGO...
2026-02-28 13:04:21,192 [INFO] Fetching data for TSM...
2026-02-28 13:04:21,449 [INFO] Fetching data for ANET...
2026-02-28 13:04:21,673 [INFO] Fetching data for WDC...
2026-02-28 13:04:21,891 [INFO] Fetching data for MRVL...
2026-02-28 13:04:22,108 [INFO] Fetching data for ASML...
2026-02-28 13:04:22,314 [INFO] Fetching data for AMD...
2026-02-28 13:04:22,506 [INFO] Fetching data for ALAB...
2026-02-28 13:04:22,739 [INFO] Processing basket: Biotech (4 holdings)
2026-02-28 13:04:22,740 [INFO] Fetching data for XBI...
2026-02-28 13:04:22,924 [INFO] Fetching data for LLY...
2026-02-28 13:04:23,138 [INFO] Fetching data for ALNY...
2026-02-28 13:04:23,355 [INFO] Fetching data for HALO...
2026-02-28 13:04:23,552 [INFO] ✓ Watchlist generated: watchlist.json
2026-02-28 13:04:23,552 [INFO]   Total holdings: 46
2026-02-28 13:04:23,552 [INFO]   Baskets: 6
2026-02-28 13:12:05,940 [INFO] Starting watchlist generation...
2026-02-28 13:12:05,950 [WARNING] Could not load all_stocks.json: 'str' object has no attribute 'get'
2026-02-28 13:12:05,951 [INFO] Processing basket: Trading Account (4 holdings)
2026-02-28 13:12:05,951 [INFO] Fetching data for VGT...
2026-02-28 13:12:06,337 [INFO] Fetching data for VUG...
2026-02-28 13:12:06,521 [INFO] Fetching data for GOOGL...
2026-02-28 13:12:06,706 [INFO] Fetching data for GOOG...
2026-02-28 13:12:06,892 [INFO] Processing basket: IRA Core ETFs (7 holdings)
2026-02-28 13:12:06,892 [INFO] Fetching data for COPX...
2026-02-28 13:12:07,077 [INFO] Fetching data for GLD...
2026-02-28 13:12:07,261 [INFO] Fetching data for XLI...
2026-02-28 13:12:07,462 [INFO] Fetching data for VOO...
2026-02-28 13:12:07,658 [INFO] Fetching data for DXJ...
2026-02-28 13:12:07,917 [INFO] Fetching data for INDA...
2026-02-28 13:12:08,113 [INFO] Fetching data for SIL...
2026-02-28 13:12:08,339 [INFO] Processing basket: Grid-to-Chip (12 holdings)
2026-02-28 13:12:08,339 [INFO] Fetching data for NLR...
2026-02-28 13:12:08,523 [INFO] Fetching data for VRT...
2026-02-28 13:12:08,707 [INFO] Fetching data for CEG...
2026-02-28 13:12:08,897 [INFO] Fetching data for PWR...
2026-02-28 13:12:09,086 [INFO] Fetching data for GEV...
2026-02-28 13:12:09,315 [INFO] Fetching data for ETN...
2026-02-28 13:12:09,561 [INFO] Fetching data for GRID...
2026-02-28 13:12:09,744 [INFO] Fetching data for NVT...
2026-02-28 13:12:09,986 [INFO] Fetching data for FIX...
2026-02-28 13:12:10,172 [INFO] Fetching data for CCJ...
2026-02-28 13:12:10,389 [INFO] Fetching data for APH...
2026-02-28 13:12:10,578 [INFO] Fetching data for HUBB...
2026-02-28 13:12:10,800 [INFO] Processing basket: Defense & Aerospace (10 holdings)
2026-02-28 13:12:10,800 [INFO] Fetching data for LMT...
2026-02-28 13:12:10,995 [INFO] Fetching data for NOC...
2026-02-28 13:12:11,187 [INFO] Fetching data for LHX...
2026-02-28 13:12:11,403 [INFO] Fetching data for HWM...
2026-02-28 13:12:11,596 [INFO] Fetching data for HEI...
2026-02-28 13:12:11,782 [INFO] Fetching data for RTX...
2026-02-28 13:12:11,974 [INFO] Fetching data for HII...
2026-02-28 13:12:12,175 [INFO] Fetching data for UFO...
2026-02-28 13:12:12,365 [INFO] Fetching data for EUAD...
2026-02-28 13:12:12,553 [INFO] Fetching data for SHLD...
2026-02-28 13:12:12,732 [INFO] Processing basket: AI Semis (9 holdings)
2026-02-28 13:12:12,732 [INFO] Fetching data for MU...
2026-02-28 13:12:12,928 [INFO] Fetching data for AVGO...
2026-02-28 13:12:13,118 [INFO] Fetching data for TSM...
2026-02-28 13:12:13,323 [INFO] Fetching data for ANET...
2026-02-28 13:12:13,519 [INFO] Fetching data for WDC...
2026-02-28 13:12:13,725 [INFO] Fetching data for MRVL...
2026-02-28 13:12:13,940 [INFO] Fetching data for ASML...
2026-02-28 13:12:14,144 [INFO] Fetching data for AMD...
2026-02-28 13:12:14,320 [INFO] Fetching data for ALAB...
2026-02-28 13:12:14,509 [INFO] Processing basket: Biotech (4 holdings)
2026-02-28 13:12:14,510 [INFO] Fetching data for XBI...
2026-02-28 13:12:14,693 [INFO] Fetching data for LLY...
2026-02-28 13:12:14,880 [INFO] Fetching data for ALNY...
2026-02-28 13:12:15,072 [INFO] Fetching data for HALO...
2026-02-28 13:12:15,266 [INFO] ✓ Watchlist generated: watchlist.json
2026-02-28 13:12:15,267 [INFO]   Total holdings: 46
2026-02-28 13:12:15,267 [INFO]   Baskets: 6
2026-02-28 13:36:12,687 [INFO] Starting watchlist generation...
2026-02-28 13:36:12,704 [INFO] Loaded ratings for 1013 stocks
2026-02-28 13:36:12,705 [INFO] Processing basket: Trading Account (4 holdings)
2026-02-28 13:36:12,705 [INFO] Fetching data for VGT...
2026-02-28 13:36:13,194 [INFO] Fetching data for VUG...
2026-02-28 13:36:13,380 [INFO] Fetching data for GOOGL...
2026-02-28 13:36:13,572 [INFO] Fetching data for GOOG...
2026-02-28 13:36:13,804 [INFO] Processing basket: IRA Core ETFs (7 holdings)
2026-02-28 13:36:13,804 [INFO] Fetching data for COPX...
2026-02-28 13:36:13,990 [INFO] Fetching data for GLD...
2026-02-28 13:36:14,172 [INFO] Fetching data for XLI...
2026-02-28 13:36:14,359 [INFO] Fetching data for VOO...
2026-02-28 13:36:14,553 [INFO] Fetching data for DXJ...
2026-02-28 13:36:14,751 [INFO] Fetching data for INDA...
2026-02-28 13:36:14,931 [INFO] Fetching data for SIL...
2026-02-28 13:36:15,127 [INFO] Processing basket: Grid-to-Chip (12 holdings)
2026-02-28 13:36:15,128 [INFO] Fetching data for NLR...
2026-02-28 13:36:15,322 [INFO] Fetching data for VRT...
2026-02-28 13:36:15,535 [INFO] Fetching data for CEG...
2026-02-28 13:36:15,731 [INFO] Fetching data for PWR...
2026-02-28 13:36:15,922 [INFO] Fetching data for GEV...
2026-02-28 13:36:16,105 [INFO] Fetching data for ETN...
2026-02-28 13:36:16,304 [INFO] Fetching data for GRID...
2026-02-28 13:36:16,505 [INFO] Fetching data for NVT...
2026-02-28 13:36:16,689 [INFO] Fetching data for FIX...
2026-02-28 13:36:16,883 [INFO] Fetching data for CCJ...
2026-02-28 13:36:17,062 [INFO] Fetching data for APH...
2026-02-28 13:36:17,248 [INFO] Fetching data for HUBB...
2026-02-28 13:36:17,462 [INFO] Processing basket: Defense & Aerospace (10 holdings)
2026-02-28 13:36:17,462 [INFO] Fetching data for LMT...
2026-02-28 13:36:17,646 [INFO] Fetching data for NOC...
2026-02-28 13:36:17,860 [INFO] Fetching data for LHX...
2026-02-28 13:36:18,089 [INFO] Fetching data for HWM...
2026-02-28 13:36:18,304 [INFO] Fetching data for HEI...
2026-02-28 13:36:18,528 [INFO] Fetching data for RTX...
2026-02-28 13:36:18,724 [INFO] Fetching data for HII...
2026-02-28 13:36:18,918 [INFO] Fetching data for UFO...
2026-02-28 13:36:19,157 [INFO] Fetching data for EUAD...
2026-02-28 13:36:19,341 [INFO] Fetching data for SHLD...
2026-02-28 13:36:19,537 [INFO] Processing basket: AI Semis (9 holdings)
2026-02-28 13:36:19,538 [INFO] Fetching data for MU...
2026-02-28 13:36:19,733 [INFO] Fetching data for AVGO...
2026-02-28 13:36:19,925 [INFO] Fetching data for TSM...
2026-02-28 13:36:20,118 [INFO] Fetching data for ANET...
2026-02-28 13:36:20,306 [INFO] Fetching data for WDC...
2026-02-28 13:36:20,502 [INFO] Fetching data for MRVL...
2026-02-28 13:36:20,706 [INFO] Fetching data for ASML...
2026-02-28 13:36:20,901 [INFO] Fetching data for AMD...
2026-02-28 13:36:21,094 [INFO] Fetching data for ALAB...
2026-02-28 13:36:21,282 [INFO] Processing basket: Biotech (4 holdings)
2026-02-28 13:36:21,282 [INFO] Fetching data for XBI...
2026-02-28 13:36:21,485 [INFO] Fetching data for LLY...
2026-02-28 13:36:21,697 [INFO] Fetching data for ALNY...
2026-02-28 13:36:21,886 [INFO] Fetching data for HALO...
2026-02-28 13:36:22,085 [INFO] ✓ Watchlist generated: watchlist.json
2026-02-28 13:36:22,085 [INFO]   Total holdings: 46
2026-02-28 13:36:22,085 [INFO]   Baskets: 6
