2026-02-28 12:38:18,356 [INFO] 🚀 Starting InvestIQ v4.3 Full Scan (All Stocks + Details)...
2026-02-28 12:38:18,362 [INFO] Found 1033 tickers
2026-02-28 12:38:18,471 [INFO]   Processed 100/1033...
2026-02-28 12:38:18,577 [INFO]   Processed 200/1033...
2026-02-28 12:38:18,679 [INFO]   Processed 300/1033...
2026-02-28 12:38:18,783 [INFO]   Processed 400/1033...
2026-02-28 12:38:18,891 [INFO]   Processed 500/1033...
2026-02-28 12:38:18,996 [INFO]   Processed 600/1033...
2026-02-28 12:38:19,099 [INFO]   Processed 700/1033...
2026-02-28 12:38:19,200 [INFO]   Processed 800/1033...
2026-02-28 12:38:19,301 [INFO]   Processed 900/1033...
2026-02-28 12:38:19,402 [INFO]   Processed 1000/1033...
2026-02-28 12:38:19,500 [INFO] ✅ Saved 65 top stocks (both years >= 10% growth)
2026-02-28 12:38:19,500 [INFO]    Saved 1013 total stocks with details to all_stocks.json
2026-02-28 12:38:19,500 [INFO]    Filtered out: 948 stocks failed revenue gate
2026-02-28 13:55:29,401 [INFO] 🚀 Starting InvestIQ v5.0 Full Scan (All Stocks + Details)...
2026-02-28 13:55:29,409 [INFO] Found 1033 tickers
2026-02-28 13:56:04,856 [INFO] 🚀 Starting InvestIQ v5.0 Full Scan (All Stocks + Details)...
2026-02-28 13:56:04,862 [INFO] Found 1033 tickers
2026-02-28 13:56:20,132 [INFO]   Processed 100/1033...
2026-02-28 13:56:39,431 [INFO]   Processed 200/1033...
2026-02-28 13:56:59,879 [INFO]   Processed 300/1033...
2026-02-28 13:57:18,649 [INFO]   Processed 400/1033...
2026-02-28 13:57:37,187 [INFO]   Processed 500/1033...
2026-02-28 13:57:56,992 [INFO]   Processed 600/1033...
2026-02-28 13:58:35,407 [INFO] 🚀 Starting InvestIQ v5.0 Full Scan (All Stocks + Details)...
2026-02-28 13:58:35,414 [INFO] Found 1033 tickers
2026-02-28 13:58:56,957 [INFO]   Processed 100/1033...
2026-02-28 13:59:16,707 [INFO]   Processed 200/1033...
2026-02-28 13:59:35,804 [INFO]   Processed 300/1033...
2026-02-28 13:59:55,241 [INFO]   Processed 400/1033...
2026-02-28 14:00:14,566 [INFO]   Processed 500/1033...
2026-02-28 14:00:35,017 [INFO]   Processed 600/1033...
2026-02-28 14:00:54,666 [INFO]   Processed 700/1033...
2026-02-28 14:01:14,247 [INFO]   Processed 800/1033...
2026-02-28 14:01:33,096 [INFO]   Processed 900/1033...
2026-02-28 14:01:52,261 [INFO]   Processed 1000/1033...
2026-02-28 14:02:17,948 [INFO] 🚀 Starting InvestIQ v5.0 Full Scan (All Stocks + Details)...
2026-02-28 14:02:17,954 [INFO] Found 1033 tickers
2026-02-28 14:02:38,555 [INFO]   Processed 100/1033...
2026-02-28 14:02:58,908 [INFO]   Processed 200/1033...
2026-02-28 14:03:18,699 [INFO]   Processed 300/1033...
2026-02-28 14:03:39,033 [INFO]   Processed 400/1033...
2026-02-28 14:03:57,747 [INFO]   Processed 500/1033...
2026-02-28 14:04:17,121 [INFO]   Processed 600/1033...
2026-02-28 14:04:37,103 [INFO]   Processed 700/1033...
2026-02-28 14:04:57,013 [INFO]   Processed 800/1033...
2026-02-28 14:05:16,078 [INFO]   Processed 900/1033...
2026-02-28 14:05:35,597 [INFO]   Processed 1000/1033...
2026-02-28 14:05:41,372 [INFO] ✅ Saved 372 top stocks (both years >= 10% growth)
2026-02-28 14:05:41,372 [INFO]    Saved 1013 total stocks with details to all_stocks.json
2026-02-28 14:05:41,372 [INFO]    Filtered out: 641 stocks failed revenue gate
2026-02-28 14:16:16,138 [INFO] 🚀 Starting InvestIQ v5.0 Full Scan (All Stocks + Details)...
2026-02-28 14:16:16,144 [INFO] Found 1033 tickers
2026-02-28 14:16:37,028 [INFO]   Processed 100/1033...
2026-02-28 14:16:57,053 [INFO]   Processed 200/1033...
2026-02-28 14:17:16,540 [INFO]   Processed 300/1033...
2026-02-28 14:17:35,461 [INFO]   Processed 400/1033...
2026-02-28 14:17:53,596 [INFO]   Processed 500/1033...
2026-02-28 14:18:13,463 [INFO]   Processed 600/1033...
2026-02-28 14:18:32,225 [INFO]   Processed 700/1033...
2026-02-28 14:18:51,636 [INFO]   Processed 800/1033...
2026-02-28 14:19:10,913 [INFO]   Processed 900/1033...
2026-02-28 14:19:29,894 [INFO]   Processed 1000/1033...
2026-02-28 14:19:35,872 [INFO] ✅ Saved 94 top stocks (both years >= 10% growth)
2026-02-28 14:19:35,873 [INFO]    Saved 1013 total stocks with details to all_stocks.json
2026-02-28 14:19:35,873 [INFO]    Filtered out: 919 stocks failed revenue gate
2026-02-28 14:34:38,589 [INFO] 🚀 Starting InvestIQ v5.0 Full Scan (All Stocks + Details + Rotation)...
2026-02-28 14:34:38,595 [INFO] Found 1033 tickers
2026-02-28 14:34:38,595 [INFO] Initialized RotationCatcher with session-level caching
2026-02-28 14:35:40,234 [INFO]   Processed 100/1033...
2026-02-28 14:36:39,620 [INFO]   Processed 200/1033...
2026-02-28 14:37:37,897 [INFO]   Processed 300/1033...
2026-02-28 14:38:38,888 [INFO]   Processed 400/1033...
2026-02-28 14:39:35,188 [INFO]   Processed 500/1033...
2026-02-28 14:40:34,462 [INFO]   Processed 600/1033...
2026-02-28 14:41:33,368 [INFO]   Processed 700/1033...
2026-02-28 14:42:32,471 [INFO]   Processed 800/1033...
2026-02-28 14:43:30,037 [INFO]   Processed 900/1033...
2026-02-28 14:44:28,943 [INFO]   Processed 1000/1033...
2026-02-28 14:59:12,503 [INFO] 🚀 Starting InvestIQ v5.0 Full Scan (All Stocks + Details + Rotation)...
2026-02-28 14:59:12,510 [INFO] Found 1033 tickers
2026-02-28 14:59:12,510 [INFO] Initialized RotationCatcher with session-level caching
2026-02-28 15:00:15,641 [INFO]   Processed 100/1033...
2026-02-28 15:01:14,908 [INFO]   Processed 200/1033...
2026-02-28 15:02:14,515 [INFO]   Processed 300/1033...
2026-02-28 15:03:16,222 [INFO]   Processed 400/1033...
2026-02-28 15:04:14,260 [INFO]   Processed 500/1033...
2026-02-28 15:05:14,995 [INFO]   Processed 600/1033...
2026-02-28 15:06:13,521 [INFO]   Processed 700/1033...
2026-02-28 15:07:13,257 [INFO]   Processed 800/1033...
2026-02-28 15:08:10,602 [INFO]   Processed 900/1033...
2026-02-28 15:09:07,047 [INFO]   Processed 1000/1033...
2026-02-28 15:09:24,046 [INFO] ✅ Saved 94 top stocks (both years >= 10% growth)
2026-02-28 20:12:55,346 [INFO] 🚀 Starting InvestIQ v5.0 Full Scan (All Stocks + Details + Rotation)...
2026-02-28 20:12:55,458 [INFO] Found 1033 tickers
2026-02-28 20:12:55,458 [INFO] Initialized RotationCatcher with session-level caching
2026-02-28 20:13:23,826 [INFO] 🚀 Starting InvestIQ v5.0 Full Scan (All Stocks + Details + Rotation)...
2026-02-28 20:13:23,832 [INFO] Found 1033 tickers
2026-02-28 20:13:23,832 [INFO] Initialized RotationCatcher with session-level caching
2026-02-28 20:14:24,788 [INFO]   Processed 100/1033...
2026-02-28 20:15:22,342 [INFO]   Processed 200/1033...
2026-02-28 20:16:19,204 [INFO]   Processed 300/1033...
2026-02-28 20:17:17,860 [INFO]   Processed 400/1033...
2026-02-28 20:18:13,820 [INFO]   Processed 500/1033...
2026-02-28 20:19:15,308 [INFO]   Processed 600/1033...
2026-02-28 20:20:13,503 [INFO]   Processed 700/1033...
2026-02-28 20:21:11,867 [INFO]   Processed 800/1033...
2026-02-28 20:22:08,634 [INFO]   Processed 900/1033...
2026-02-28 20:23:05,334 [INFO]   Processed 1000/1033...
2026-02-28 20:23:23,426 [INFO] ✅ Saved 94 top stocks (both years >= 10% growth)
2026-02-28 20:23:23,426 [INFO]    Saved 1013 total stocks with details to all_stocks.json
2026-02-28 20:23:23,426 [INFO]    Filtered out: 919 stocks failed revenue gate
2026-02-28 20:52:20,185 [INFO] 🚀 Starting InvestIQ v5.0 Full Scan (All Stocks + Details + Rotation)...
2026-02-28 20:52:20,301 [INFO] Found 1033 tickers
2026-02-28 20:52:20,301 [INFO] Initialized RotationCatcher with session-level caching
2026-02-28 20:53:22,401 [INFO]   Processed 100/1033...
2026-02-28 20:54:20,736 [INFO]   Processed 200/1033...
2026-02-28 20:55:18,148 [INFO]   Processed 300/1033...
2026-02-28 20:56:16,744 [INFO]   Processed 400/1033...
2026-02-28 20:57:13,264 [INFO]   Processed 500/1033...
2026-02-28 20:58:11,555 [INFO]   Processed 600/1033...
2026-02-28 20:58:54,090 [INFO] 🚀 Starting InvestIQ v5.0 Full Scan (All Stocks + Details + Rotation)...
2026-02-28 20:58:54,096 [INFO] Found 1033 tickers
2026-02-28 20:58:54,096 [INFO] Initialized RotationCatcher with session-level caching
2026-02-28 20:59:09,099 [INFO]   Processed 700/1033...
2026-02-28 20:59:29,825 [INFO]   Processed 100/1033...
2026-02-28 20:59:32,408 [INFO]   Processed 800/1033...
2026-02-28 20:59:42,069 [INFO]   Processed 200/1033...
2026-02-28 20:59:44,275 [INFO]   Processed 900/1033...
2026-02-28 20:59:54,223 [INFO]   Processed 300/1033...
2026-02-28 20:59:56,137 [INFO]   Processed 1000/1033...
2026-02-28 20:59:59,777 [INFO] ✅ Saved 94 top stocks (both years >= 10% growth)
2026-02-28 20:59:59,777 [INFO]    Saved 1013 total stocks with details to all_stocks.json
2026-02-28 20:59:59,777 [INFO]    Filtered out: 919 stocks failed revenue gate
2026-02-28 21:00:06,200 [INFO]   Processed 400/1033...
2026-02-28 21:00:18,230 [INFO]   Processed 500/1033...
2026-02-28 21:00:30,748 [INFO]   Processed 600/1033...
2026-02-28 21:00:43,480 [INFO]   Processed 700/1033...
2026-02-28 21:00:55,483 [INFO]   Processed 800/1033...
2026-02-28 21:01:07,675 [INFO]   Processed 900/1033...
2026-02-28 21:01:20,056 [INFO]   Processed 1000/1033...
2026-02-28 21:01:23,695 [INFO] ✅ Saved 88 top stocks (both years >= 10% growth)
2026-02-28 21:01:23,695 [INFO]    Saved 1013 total stocks with details to all_stocks.json
2026-02-28 21:01:23,695 [INFO]    Filtered out: 925 stocks failed revenue gate
2026-02-28 21:03:31,211 [INFO] 🚀 Starting InvestIQ v5.0 Full Scan (All Stocks + Details + Rotation)...
2026-02-28 21:03:31,217 [INFO] Found 1033 tickers
2026-02-28 21:03:31,217 [INFO] Initialized RotationCatcher with session-level caching
2026-02-28 21:03:44,889 [INFO]   Processed 100/1033...
2026-02-28 21:03:57,669 [INFO]   Processed 200/1033...
2026-02-28 21:04:10,036 [INFO]   Processed 300/1033...
2026-02-28 21:04:22,433 [INFO]   Processed 400/1033...
2026-02-28 21:04:35,000 [INFO]   Processed 500/1033...
2026-02-28 21:04:48,077 [INFO]   Processed 600/1033...
2026-02-28 21:05:00,293 [INFO]   Processed 700/1033...
2026-02-28 21:05:12,381 [INFO]   Processed 800/1033...
2026-02-28 21:05:24,449 [INFO]   Processed 900/1033...
2026-02-28 21:05:36,285 [INFO]   Processed 1000/1033...
2026-02-28 21:05:39,874 [INFO] ✅ Saved 0 top stocks (both years >= 10% growth)
2026-02-28 21:05:39,874 [INFO]    Saved 14 total stocks with details to all_stocks.json
2026-02-28 21:05:39,874 [INFO]    Filtered out: 14 stocks failed revenue gate
2026-02-28 21:09:47,734 [ERROR] Error rating NVDA: local variable 'rev_g' referenced before assignment
Traceback (most recent call last):
  File "/Users/dansmacmini/.openclaw/workspace/update_web_scan.py", line 431, in rate_stock_v43_full
    if rev_g and rev_g_prior and rev_g_prior > 0:
UnboundLocalError: local variable 'rev_g' referenced before assignment

2026-02-28 21:10:18,748 [INFO] 🚀 Starting InvestIQ v5.0 Full Scan (All Stocks + Details + Rotation)...
2026-02-28 21:10:18,868 [INFO] Found 1033 tickers
2026-02-28 21:10:18,868 [INFO] Initialized RotationCatcher with session-level caching
2026-02-28 21:11:28,436 [INFO]   Processed 100/1033...
2026-02-28 21:12:35,916 [INFO]   Processed 200/1033...
2026-02-28 21:13:41,685 [INFO]   Processed 300/1033...
2026-02-28 21:14:47,664 [INFO]   Processed 400/1033...
2026-02-28 21:15:52,393 [INFO]   Processed 500/1033...
2026-02-28 21:16:59,931 [INFO]   Processed 600/1033...
2026-02-28 21:18:06,267 [INFO]   Processed 700/1033...
2026-02-28 21:18:47,981 [INFO]   Processed 800/1033...
2026-02-28 21:19:05,773 [INFO]   Processed 900/1033...
2026-02-28 21:19:23,325 [INFO]   Processed 1000/1033...
2026-02-28 21:19:28,560 [INFO] ✅ Saved 275 top stocks (both years >= 10% growth)
2026-02-28 21:19:28,560 [INFO]    Saved 1013 total stocks with details to all_stocks.json
2026-02-28 21:19:28,560 [INFO]    Filtered out: 738 stocks failed revenue gate
2026-03-01 09:26:13,388 [INFO] 🚀 Starting InvestIQ v5.0 Full Scan (All Stocks + Details + Rotation)...
2026-03-01 09:26:13,395 [INFO] Found 1033 tickers
2026-03-01 09:26:13,395 [INFO] Initialized RotationCatcher with session-level caching
2026-03-01 09:27:24,191 [INFO]   Processed 100/1033...
2026-03-01 09:28:31,716 [INFO]   Processed 200/1033...
2026-03-01 09:29:38,140 [INFO]   Processed 300/1033...
2026-03-01 09:30:46,820 [INFO]   Processed 400/1033...
2026-03-01 09:31:50,693 [INFO]   Processed 500/1033...
2026-03-01 09:32:57,875 [INFO]   Processed 600/1033...
2026-03-01 09:34:03,518 [INFO]   Processed 700/1033...
2026-03-01 09:35:08,787 [INFO]   Processed 800/1033...
2026-03-01 09:36:13,059 [INFO]   Processed 900/1033...
2026-03-01 09:37:17,385 [INFO]   Processed 1000/1033...
2026-03-01 09:37:36,937 [INFO] ✅ Saved 273 top stocks (both years >= 10% growth)
2026-03-01 09:37:36,937 [INFO]    Saved 1013 total stocks with details to all_stocks.json
2026-03-01 09:37:36,937 [INFO]    Filtered out: 740 stocks failed revenue gate
